<?xml version="1.0" encoding="UTF-8"?>
<!-- Generated by org.testng.reporters.JUnitReportReporter -->
<testsuite hostname="IBM-PG02TZZN" failures="0" tests="3" name="utilityPractice.PayPal2" time="5.418" errors="0" timestamp="02 Oct 2023 10:45:03 GMT" skipped="0">
  <testcase classname="utilityPractice.PayPal2" name="getAccessToken" time="3.119"/>
  <testcase classname="utilityPractice.PayPal2" name="createOrder" time="1.483"/>
  <testcase classname="utilityPractice.PayPal2" name="getOrder" time="0.816"/>
</testsuite> <!-- utilityPractice.PayPal2 -->
