<?xml version="1.0" encoding="UTF-8"?>
<!-- Generated by org.testng.reporters.JUnitReportReporter -->
<testsuite hostname="IBM-PG02TZZN" failures="0" tests="4" name="testCases.CreateCustomerStripeAPI2" time="4.642" errors="0" timestamp="12 Sep 2023 12:30:59 GMT" skipped="0">
  <testcase classname="testCases.CreateCustomerStripeAPI2" name="cxCreationValidKey" time="3.256"/>
  <testcase classname="testCases.CreateCustomerStripeAPI2" name="cxCreationValidKey" time="0.637"/>
  <testcase classname="testCases.CreateCustomerStripeAPI2" name="cxCreationInvalidKey" time="0.449"/>
  <testcase classname="testCases.CreateCustomerStripeAPI2" name="cxCreationInvalidKey" time="0.300"/>
</testsuite> <!-- testCases.CreateCustomerStripeAPI2 -->
