<?xml version="1.0" encoding="UTF-8"?>
<!-- Generated by org.testng.reporters.JUnitReportReporter -->
<testsuite hostname="IBM-PG02TZZN" failures="0" tests="6" name="utilityPractice.TestCase" time="3.636" errors="0" timestamp="14 Sep 2023 07:10:22 GMT" skipped="0">
  <testcase classname="utilityPractice.TestCase" name="cxCreationValidKey" time="0.604"/>
  <testcase classname="utilityPractice.TestCase" name="cxCreationValidKey" time="0.604"/>
  <testcase classname="utilityPractice.TestCase" name="cxCreationValidKey" time="0.834"/>
  <testcase classname="utilityPractice.TestCase" name="cxCreationInvalidKey" time="0.285"/>
  <testcase classname="utilityPractice.TestCase" name="cxCreationInvalidKey" time="1.032"/>
  <testcase classname="utilityPractice.TestCase" name="cxCreationInvalidKey" time="0.277"/>
</testsuite> <!-- utilityPractice.TestCase -->
