<?xml version="1.0" encoding="UTF-8"?>
<!-- Generated by org.testng.reporters.JUnitReportReporter -->
<testsuite hostname="IBM-PG02TZZN" failures="0" tests="4" name="testCases.CreateCustomerStripeAPIbasic" time="2.717" errors="0" timestamp="14 Sep 2023 11:38:47 GMT" skipped="0">
  <testcase classname="testCases.CreateCustomerStripeAPIbasic" name="cxCreationValidKey" time="0.473"/>
  <testcase classname="testCases.CreateCustomerStripeAPIbasic" name="cxCreationValidKey" time="1.442"/>
  <testcase classname="testCases.CreateCustomerStripeAPIbasic" name="cxCreationInvalidKey" time="0.519"/>
  <testcase classname="testCases.CreateCustomerStripeAPIbasic" name="cxCreationInvalidKey" time="0.283"/>
</testsuite> <!-- testCases.CreateCustomerStripeAPIbasic -->
