<?xml version="1.0" encoding="UTF-8"?>
<!-- Generated by org.testng.reporters.JUnitReportReporter -->
<testsuite hostname="IBM-PG02TZZN" failures="0" tests="2" name="utilityPractice.DatUtilPracticeDraft1" time="0.007" errors="0" timestamp="14 Sep 2023 07:10:03 GMT" skipped="0">
  <testcase classname="utilityPractice.DatUtilPracticeDraft1" name="create" time="0.001"/>
  <testcase classname="utilityPractice.DatUtilPracticeDraft1" name="create" time="0.006"/>
</testsuite> <!-- utilityPractice.DatUtilPracticeDraft1 -->
