<?xml version="1.0" encoding="UTF-8"?>
<!-- Generated by org.testng.reporters.JUnitReportReporter -->
<testsuite hostname="IBM-PG02TZZN" failures="0" tests="6" name="testCases.CreateCustomerStripeAPI2" time="3.223" errors="0" timestamp="14 Sep 2023 08:14:33 GMT" skipped="0">
  <testcase classname="testCases.CreateCustomerStripeAPI2" name="cxCreationValidKey" time="0.974"/>
  <testcase classname="testCases.CreateCustomerStripeAPI2" name="cxCreationValidKey" time="0.673"/>
  <testcase classname="testCases.CreateCustomerStripeAPI2" name="cxCreationValidKey" time="0.682"/>
  <testcase classname="testCases.CreateCustomerStripeAPI2" name="cxCreationInvalidKey" time="0.288"/>
  <testcase classname="testCases.CreateCustomerStripeAPI2" name="cxCreationInvalidKey" time="0.303"/>
  <testcase classname="testCases.CreateCustomerStripeAPI2" name="cxCreationInvalidKey" time="0.303"/>
</testsuite> <!-- testCases.CreateCustomerStripeAPI2 -->
