<?xml version="1.0" encoding="UTF-8"?>
<!-- Generated by org.testng.reporters.JUnitReportReporter -->
<testsuite hostname="IBM-PG02TZZN" failures="0" tests="4" name="testCases.CreateCustomerStripeAPIbasic" time="3.085" errors="0" timestamp="14 Sep 2023 07:08:55 GMT" skipped="0">
  <testcase classname="testCases.CreateCustomerStripeAPIbasic" name="cxCreationValidKey" time="0.981"/>
  <testcase classname="testCases.CreateCustomerStripeAPIbasic" name="cxCreationValidKey" time="1.394"/>
  <testcase classname="testCases.CreateCustomerStripeAPIbasic" name="cxCreationInvalidKey" time="0.445"/>
  <testcase classname="testCases.CreateCustomerStripeAPIbasic" name="cxCreationInvalidKey" time="0.265"/>
</testsuite> <!-- testCases.CreateCustomerStripeAPIbasic -->
