<?xml version="1.0" encoding="UTF-8"?>
<!-- Generated by org.testng.reporters.JUnitReportReporter -->
<testsuite hostname="IBM-PG02TZZN" failures="0" tests="2" name="utilityPractice.DatUtilPracticeDraft1" time="0.002" errors="0" timestamp="02 Oct 2023 09:12:24 GMT" skipped="0">
  <testcase classname="utilityPractice.DatUtilPracticeDraft1" name="create" time="0.001"/>
  <testcase classname="utilityPractice.DatUtilPracticeDraft1" name="create" time="0.001"/>
</testsuite> <!-- utilityPractice.DatUtilPracticeDraft1 -->
