<?xml version="1.0" encoding="UTF-8"?>
<!-- Generated by org.testng.reporters.JUnitReportReporter -->
<testsuite hostname="IBM-PG02TZZN" failures="0" tests="6" name="testCases.CreateCustomerStripeAPI" time="2.310" errors="0" timestamp="14 Sep 2023 11:47:52 GMT" skipped="0">
  <testcase classname="testCases.CreateCustomerStripeAPI" name="cxCreationValidKey" time="0.506"/>
  <testcase classname="testCases.CreateCustomerStripeAPI" name="cxCreationValidKey" time="0.498"/>
  <testcase classname="testCases.CreateCustomerStripeAPI" name="cxCreationValidKey" time="0.506"/>
  <testcase classname="testCases.CreateCustomerStripeAPI" name="cxCreationInvalidKey" time="0.268"/>
  <testcase classname="testCases.CreateCustomerStripeAPI" name="cxCreationInvalidKey" time="0.274"/>
  <testcase classname="testCases.CreateCustomerStripeAPI" name="cxCreationInvalidKey" time="0.258"/>
</testsuite> <!-- testCases.CreateCustomerStripeAPI -->
