<?xml version="1.0" encoding="UTF-8"?>
<!-- Generated by org.testng.reporters.JUnitReportReporter -->
<testsuite hostname="IBM-PG02TZZN" failures="0" tests="2" name="testCases.paypal.CreateOrderTest" time="7.202" errors="0" timestamp="14 Oct 2023 13:49:27 GMT" skipped="0">
  <testcase classname="testCases.paypal.CreateOrderTest" name="createOrder" time="2.888"/>
  <testcase classname="testCases.paypal.CreateOrderTest" name="createOrder" time="4.314"/>
</testsuite> <!-- testCases.paypal.CreateOrderTest -->
