<?xml version="1.0" encoding="UTF-8"?>
<!-- Generated by org.testng.reporters.JUnitReportReporter -->
<testsuite hostname="IBM-PG02TZZN" failures="0" tests="2" name="utilityPractice.PayPal" time="3.785" errors="0" timestamp="16 Sep 2023 11:19:40 GMT" skipped="0">
  <testcase classname="utilityPractice.PayPal" name="getAccessToken" time="2.576"/>
  <testcase classname="utilityPractice.PayPal" name="createOrder" time="1.209"/>
</testsuite> <!-- utilityPractice.PayPal -->
