<?xml version="1.0" encoding="UTF-8"?>
<!-- Generated by org.testng.reporters.JUnitReportReporter -->
<testsuite hostname="IBM-PG02TZZN" failures="0" tests="2" name="utilityPractice.PayPal1" time="20.841" errors="0" timestamp="17 Sep 2023 15:29:48 GMT" skipped="0">
  <testcase classname="utilityPractice.PayPal1" name="getAccessToken" time="19.473"/>
  <testcase classname="utilityPractice.PayPal1" name="createOrder" time="1.368"/>
</testsuite> <!-- utilityPractice.PayPal1 -->
