<?xml version="1.0" encoding="UTF-8"?>
<!-- Generated by org.testng.reporters.JUnitReportReporter -->
<testsuite hostname="IBM-PG02TZZN" failures="0" tests="2" name="utilityPractice.DatUtilPractice" time="0.009" errors="0" timestamp="13 Sep 2023 09:52:13 GMT" skipped="0">
  <testcase classname="utilityPractice.DatUtilPractice" name="create" time="0.008"/>
  <testcase classname="utilityPractice.DatUtilPractice" name="create" time="0.001"/>
</testsuite> <!-- utilityPractice.DatUtilPractice -->
