<?xml version="1.0" encoding="UTF-8"?>
<!-- Generated by org.testng.reporters.JUnitReportReporter -->
<testsuite hostname="IBM-PG02TZZN" failures="0" tests="1" name="testCases.paypal.GetOrderTest" time="2.692" errors="0" timestamp="05 Oct 2023 17:51:47 GMT" skipped="0">
  <testcase classname="testCases.paypal.GetOrderTest" name="getOrder" time="2.692"/>
</testsuite> <!-- testCases.paypal.GetOrderTest -->
