<?xml version="1.0" encoding="UTF-8"?>
<!-- Generated by org.testng.reporters.JUnitReportReporter -->
<testsuite hostname="IBM-PG02TZZN" failures="0" tests="3" name="utilityPractice.PayPal2" time="7.182" errors="0" timestamp="02 Oct 2023 14:25:24 GMT" skipped="0">
  <testcase classname="utilityPractice.PayPal2" name="getAccessToken" time="3.681"/>
  <testcase classname="utilityPractice.PayPal2" name="createOrder" time="1.982"/>
  <testcase classname="utilityPractice.PayPal2" name="getOrder" time="1.519"/>
</testsuite> <!-- utilityPractice.PayPal2 -->
