<?xml version="1.0" encoding="UTF-8"?>
<!-- Generated by org.testng.reporters.JUnitReportReporter -->
<testsuite hostname="IBM-PG02TZZN" failures="0" tests="6" name="testCases.CreateCustomerStripeAPI" time="6.248" errors="0" timestamp="05 Oct 2023 14:53:42 GMT" skipped="0">
  <testcase classname="testCases.CreateCustomerStripeAPI" name="cxCreationValidKey" time="1.582"/>
  <testcase classname="testCases.CreateCustomerStripeAPI" name="cxCreationValidKey" time="1.998"/>
  <testcase classname="testCases.CreateCustomerStripeAPI" name="cxCreationValidKey" time="1.582"/>
  <testcase classname="testCases.CreateCustomerStripeAPI" name="cxCreationInvalidKey" time="0.363"/>
  <testcase classname="testCases.CreateCustomerStripeAPI" name="cxCreationInvalidKey" time="0.363"/>
  <testcase classname="testCases.CreateCustomerStripeAPI" name="cxCreationInvalidKey" time="0.360"/>
</testsuite> <!-- testCases.CreateCustomerStripeAPI -->
