<?xml version="1.0" encoding="UTF-8"?>
<!-- Generated by org.testng.reporters.JUnitReportReporter -->
<testsuite hostname="IBM-PG02TZZN" failures="0" tests="2" name="testCases.paypal.CreateOrderTest" time="8.280" errors="0" timestamp="14 Oct 2023 13:58:16 GMT" skipped="0">
  <testcase classname="testCases.paypal.CreateOrderTest" name="createOrder" time="4.140"/>
  <testcase classname="testCases.paypal.CreateOrderTest" name="createOrder" time="4.140"/>
</testsuite> <!-- testCases.paypal.CreateOrderTest -->
