<?xml version="1.0" encoding="UTF-8"?>
<!-- Generated by org.testng.reporters.JUnitReportReporter -->
<testsuite hostname="IBM-PG02TZZN" failures="0" tests="3" name="testCases.stripe.CreateCustomerStripeAPI" time="5.363" errors="0" timestamp="05 Oct 2023 14:56:07 GMT" skipped="0">
  <testcase classname="testCases.stripe.CreateCustomerStripeAPI" name="cxCreationValidKey" time="2.147"/>
  <testcase classname="testCases.stripe.CreateCustomerStripeAPI" name="cxCreationValidKey" time="1.608"/>
  <testcase classname="testCases.stripe.CreateCustomerStripeAPI" name="cxCreationValidKey" time="1.608"/>
</testsuite> <!-- testCases.stripe.CreateCustomerStripeAPI -->
