<?xml version="1.0" encoding="UTF-8"?>
<!-- Generated by org.testng.reporters.JUnitReportReporter -->
<testsuite hostname="IBM-PG02TZZN" failures="0" tests="6" name="testCases.CreateCustomerStripeAPI" time="2.699" errors="0" timestamp="14 Sep 2023 11:57:01 GMT" skipped="0">
  <testcase classname="testCases.CreateCustomerStripeAPI" name="cxCreationValidKey" time="0.616"/>
  <testcase classname="testCases.CreateCustomerStripeAPI" name="cxCreationValidKey" time="0.616"/>
  <testcase classname="testCases.CreateCustomerStripeAPI" name="cxCreationValidKey" time="0.616"/>
  <testcase classname="testCases.CreateCustomerStripeAPI" name="cxCreationInvalidKey" time="0.288"/>
  <testcase classname="testCases.CreateCustomerStripeAPI" name="cxCreationInvalidKey" time="0.275"/>
  <testcase classname="testCases.CreateCustomerStripeAPI" name="cxCreationInvalidKey" time="0.288"/>
</testsuite> <!-- testCases.CreateCustomerStripeAPI -->
