<?xml version="1.0" encoding="UTF-8"?>
<!-- Generated by org.testng.reporters.JUnitReportReporter -->
<testsuite hostname="IBM-PG02TZZN" failures="0" tests="4" name="testCases.CreateCustomerStripeAPIbasic" time="3.071" errors="0" timestamp="12 Sep 2023 14:08:37 GMT" skipped="0">
  <testcase classname="testCases.CreateCustomerStripeAPIbasic" name="cxCreationValidKey" time="1.814"/>
  <testcase classname="testCases.CreateCustomerStripeAPIbasic" name="cxCreationValidKey" time="0.645"/>
  <testcase classname="testCases.CreateCustomerStripeAPIbasic" name="cxCreationInvalidKey" time="0.316"/>
  <testcase classname="testCases.CreateCustomerStripeAPIbasic" name="cxCreationInvalidKey" time="0.296"/>
</testsuite> <!-- testCases.CreateCustomerStripeAPIbasic -->
