<?xml version="1.0" encoding="UTF-8"?>
<!-- Generated by org.testng.reporters.JUnitReportReporter -->
<testsuite hostname="IBM-PG02TZZN" failures="0" tests="2" name="utilityPractice.PayPal2" time="4.787" errors="0" timestamp="17 Sep 2023 10:01:51 GMT" skipped="0">
  <testcase classname="utilityPractice.PayPal2" name="getAccessToken" time="2.768"/>
  <testcase classname="utilityPractice.PayPal2" name="createOrder" time="2.019"/>
</testsuite> <!-- utilityPractice.PayPal2 -->
