<?xml version="1.0" encoding="UTF-8"?>
<!-- Generated by org.testng.reporters.JUnitReportReporter -->
<testsuite hostname="IBM-PG02TZZN" failures="0" tests="5" name="testCases.CreateCustomerStripeAPI" time="5.035" errors="0" timestamp="11 Sep 2023 09:45:58 GMT" skipped="0">
  <testcase classname="testCases.CreateCustomerStripeAPI" name="cxCreationValidKey" time="0.750"/>
  <testcase classname="testCases.CreateCustomerStripeAPI" name="cxCreationValidKey" time="1.759"/>
  <testcase classname="testCases.CreateCustomerStripeAPI" name="cxCreationValidKey" time="1.250"/>
  <testcase classname="testCases.CreateCustomerStripeAPI" name="cxCreationInvalidKey" time="0.572"/>
  <testcase classname="testCases.CreateCustomerStripeAPI" name="cxCreationInvalidKey" time="0.704"/>
</testsuite> <!-- testCases.CreateCustomerStripeAPI -->
