<?xml version="1.0" encoding="UTF-8"?>
<!-- Generated by org.testng.reporters.JUnitReportReporter -->
<testsuite hostname="IBM-PG02TZZN" failures="0" tests="2" name="utilityPractice.PayPal1" time="4.287" errors="0" timestamp="02 Oct 2023 10:30:22 GMT" skipped="0">
  <testcase classname="utilityPractice.PayPal1" name="getAccessToken" time="2.831"/>
  <testcase classname="utilityPractice.PayPal1" name="createOrder" time="1.456"/>
</testsuite> <!-- utilityPractice.PayPal1 -->
