<?xml version="1.0" encoding="UTF-8"?>
<!-- Generated by org.testng.reporters.JUnitReportReporter -->
<testsuite hostname="IBM-PG02TZZN" failures="0" tests="1" name="testCases.paypal.CreateOrderTest" time="5.933" errors="0" timestamp="05 Oct 2023 17:51:47 GMT" skipped="0">
  <testcase classname="testCases.paypal.CreateOrderTest" name="createOrder" time="5.933"/>
</testsuite> <!-- testCases.paypal.CreateOrderTest -->
