<?xml version="1.0" encoding="UTF-8"?>
<!-- Generated by org.testng.reporters.JUnitReportReporter -->
<testsuite hostname="IBM-PG02TZZN" failures="0" tests="4" name="testCases.CreateCustomerStripeAPIbasic" time="2.790" errors="0" timestamp="15 Sep 2023 11:02:50 GMT" skipped="0">
  <testcase classname="testCases.CreateCustomerStripeAPIbasic" name="cxCreationValidKey" time="1.533"/>
  <testcase classname="testCases.CreateCustomerStripeAPIbasic" name="cxCreationValidKey" time="0.510"/>
  <testcase classname="testCases.CreateCustomerStripeAPIbasic" name="cxCreationInvalidKey" time="0.278"/>
  <testcase classname="testCases.CreateCustomerStripeAPIbasic" name="cxCreationInvalidKey" time="0.469"/>
</testsuite> <!-- testCases.CreateCustomerStripeAPIbasic -->
