<?xml version="1.0" encoding="UTF-8"?>
<!-- Generated by org.testng.reporters.JUnitReportReporter -->
<testsuite hostname="IBM-PG02TZZN" failures="0" tests="6" name="testCases.CreateCustomerStripeAPI" time="4.076" errors="0" timestamp="12 Sep 2023 12:16:23 GMT" skipped="0">
  <testcase classname="testCases.CreateCustomerStripeAPI" name="cxCreationValidKey" time="1.744"/>
  <testcase classname="testCases.CreateCustomerStripeAPI" name="cxCreationValidKey" time="0.809"/>
  <testcase classname="testCases.CreateCustomerStripeAPI" name="cxCreationValidKey" time="0.656"/>
  <testcase classname="testCases.CreateCustomerStripeAPI" name="cxCreationInvalidKey" time="0.285"/>
  <testcase classname="testCases.CreateCustomerStripeAPI" name="cxCreationInvalidKey" time="0.301"/>
  <testcase classname="testCases.CreateCustomerStripeAPI" name="cxCreationInvalidKey" time="0.281"/>
</testsuite> <!-- testCases.CreateCustomerStripeAPI -->
