<?xml version="1.0" encoding="UTF-8"?>
<!-- Generated by org.testng.reporters.JUnitReportReporter -->
<testsuite hostname="IBM-PG02TZZN" failures="0" tests="6" name="utilityPractice.TestCase" time="5.720" errors="0" timestamp="02 Oct 2023 09:12:24 GMT" skipped="0">
  <testcase classname="utilityPractice.TestCase" name="cxCreationValidKey" time="1.119"/>
  <testcase classname="utilityPractice.TestCase" name="cxCreationValidKey" time="1.226"/>
  <testcase classname="utilityPractice.TestCase" name="cxCreationInvalidKey" time="1.034"/>
  <testcase classname="utilityPractice.TestCase" name="cxCreationInvalidKey" time="1.125"/>
  <testcase classname="utilityPractice.TestCase" name="cxCreationInvalidKey" time="0.598"/>
  <testcase classname="utilityPractice.TestCase" name="cxCreationValidKey" time="0.618"/>
</testsuite> <!-- utilityPractice.TestCase -->
