<?xml version="1.0" encoding="UTF-8"?>
<!-- Generated by org.testng.reporters.JUnitReportReporter -->
<testsuite hostname="IBM-PG02TZZN" failures="0" tests="1" name="testCases.DeleteCustomer" time="1.937" errors="0" timestamp="15 Sep 2023 11:02:50 GMT" skipped="0">
  <testcase classname="testCases.DeleteCustomer" name="deleteCustomer" time="1.937"/>
</testsuite> <!-- testCases.DeleteCustomer -->
