<?xml version="1.0" encoding="UTF-8"?>
<!-- Generated by org.testng.reporters.JUnitReportReporter -->
<testsuite hostname="IBM-PG02TZZN" failures="0" tests="3" name="utilityPractice.PayPal" time="6.011" errors="0" timestamp="17 Sep 2023 10:25:37 GMT" skipped="0">
  <testcase classname="utilityPractice.PayPal" name="getAccessToken" time="2.679"/>
  <testcase classname="utilityPractice.PayPal" name="createOrder" time="1.832"/>
  <testcase classname="utilityPractice.PayPal" name="getOrders" time="1.500"/>
</testsuite> <!-- utilityPractice.PayPal -->
