<?xml version="1.0" encoding="UTF-8"?>
<!-- Generated by org.testng.reporters.JUnitReportReporter -->
<testsuite hostname="IBM-PG02TZZN" failures="0" tests="1" name="utilityPractice.DatUtilPracticeDraft2" time="0.014" errors="0" timestamp="13 Sep 2023 11:16:02 GMT" skipped="0">
  <testcase classname="utilityPractice.DatUtilPracticeDraft2" name="getData" time="0.014"/>
</testsuite> <!-- utilityPractice.DatUtilPracticeDraft2 -->
