<?xml version="1.0" encoding="UTF-8"?>
<!-- Generated by org.testng.reporters.JUnitReportReporter -->
<testsuite hostname="IBM-PG02TZZN" failures="0" tests="6" name="testCases.CreateCustomerStripeAPI2" time="2.831" errors="0" timestamp="14 Sep 2023 07:08:55 GMT" skipped="0">
  <testcase classname="testCases.CreateCustomerStripeAPI2" name="cxCreationValidKey" time="0.734"/>
  <testcase classname="testCases.CreateCustomerStripeAPI2" name="cxCreationValidKey" time="0.622"/>
  <testcase classname="testCases.CreateCustomerStripeAPI2" name="cxCreationValidKey" time="0.624"/>
  <testcase classname="testCases.CreateCustomerStripeAPI2" name="cxCreationInvalidKey" time="0.286"/>
  <testcase classname="testCases.CreateCustomerStripeAPI2" name="cxCreationInvalidKey" time="0.276"/>
  <testcase classname="testCases.CreateCustomerStripeAPI2" name="cxCreationInvalidKey" time="0.289"/>
</testsuite> <!-- testCases.CreateCustomerStripeAPI2 -->
