<?xml version="1.0" encoding="UTF-8"?>
<!-- Generated by org.testng.reporters.JUnitReportReporter -->
<testsuite hostname="IBM-PG02TZZN" failures="0" tests="6" name="testCases.CreateCustomerStripeAPI" time="2.903" errors="0" timestamp="15 Sep 2023 11:02:50 GMT" skipped="0">
  <testcase classname="testCases.CreateCustomerStripeAPI" name="cxCreationValidKey" time="0.510"/>
  <testcase classname="testCases.CreateCustomerStripeAPI" name="cxCreationValidKey" time="0.515"/>
  <testcase classname="testCases.CreateCustomerStripeAPI" name="cxCreationValidKey" time="0.511"/>
  <testcase classname="testCases.CreateCustomerStripeAPI" name="cxCreationInvalidKey" time="0.476"/>
  <testcase classname="testCases.CreateCustomerStripeAPI" name="cxCreationInvalidKey" time="0.416"/>
  <testcase classname="testCases.CreateCustomerStripeAPI" name="cxCreationInvalidKey" time="0.475"/>
</testsuite> <!-- testCases.CreateCustomerStripeAPI -->
