<?xml version="1.0" encoding="UTF-8"?>
<!-- Generated by org.testng.reporters.JUnitReportReporter -->
<testsuite hostname="IBM-PG02TZZN" failures="0" tests="6" name="testCases.CreateCustomerStripeAPI" time="4.266" errors="0" timestamp="14 Sep 2023 07:08:55 GMT" skipped="0">
  <testcase classname="testCases.CreateCustomerStripeAPI" name="cxCreationValidKey" time="0.748"/>
  <testcase classname="testCases.CreateCustomerStripeAPI" name="cxCreationValidKey" time="1.323"/>
  <testcase classname="testCases.CreateCustomerStripeAPI" name="cxCreationValidKey" time="1.320"/>
  <testcase classname="testCases.CreateCustomerStripeAPI" name="cxCreationInvalidKey" time="0.279"/>
  <testcase classname="testCases.CreateCustomerStripeAPI" name="cxCreationInvalidKey" time="0.322"/>
  <testcase classname="testCases.CreateCustomerStripeAPI" name="cxCreationInvalidKey" time="0.274"/>
</testsuite> <!-- testCases.CreateCustomerStripeAPI -->
