<?xml version="1.0" encoding="UTF-8"?>
<!-- Generated by org.testng.reporters.JUnitReportReporter -->
<testsuite hostname="IBM-PG02TZZN" failures="0" tests="6" name="testCases.CreateCustomerStripeAPI" time="4.791" errors="0" timestamp="14 Sep 2023 08:14:33 GMT" skipped="0">
  <testcase classname="testCases.CreateCustomerStripeAPI" name="cxCreationValidKey" time="1.123"/>
  <testcase classname="testCases.CreateCustomerStripeAPI" name="cxCreationValidKey" time="1.137"/>
  <testcase classname="testCases.CreateCustomerStripeAPI" name="cxCreationValidKey" time="1.132"/>
  <testcase classname="testCases.CreateCustomerStripeAPI" name="cxCreationInvalidKey" time="0.476"/>
  <testcase classname="testCases.CreateCustomerStripeAPI" name="cxCreationInvalidKey" time="0.457"/>
  <testcase classname="testCases.CreateCustomerStripeAPI" name="cxCreationInvalidKey" time="0.466"/>
</testsuite> <!-- testCases.CreateCustomerStripeAPI -->
