<?xml version="1.0" encoding="UTF-8"?>
<!-- Generated by org.testng.reporters.JUnitReportReporter -->
<testsuite hostname="IBM-PG02TZZN" failures="0" tests="2" name="utilityPractice.PayPal" time="4.743" errors="0" timestamp="15 Sep 2023 15:20:22 GMT" skipped="0">
  <testcase classname="utilityPractice.PayPal" name="getAccessToken" time="3.857"/>
  <testcase classname="utilityPractice.PayPal" name="createOrder" time="0.886"/>
</testsuite> <!-- utilityPractice.PayPal -->
