<?xml version="1.0" encoding="UTF-8"?>
<!-- Generated by org.testng.reporters.JUnitReportReporter -->
<testsuite hostname="IBM-PG02TZZN" failures="0" tests="6" name="testCases.CreateCustomerStripeAPI2" time="2.306" errors="0" timestamp="15 Sep 2023 11:02:50 GMT" skipped="0">
  <testcase classname="testCases.CreateCustomerStripeAPI2" name="cxCreationValidKey" time="0.507"/>
  <testcase classname="testCases.CreateCustomerStripeAPI2" name="cxCreationValidKey" time="0.508"/>
  <testcase classname="testCases.CreateCustomerStripeAPI2" name="cxCreationValidKey" time="0.505"/>
  <testcase classname="testCases.CreateCustomerStripeAPI2" name="cxCreationInvalidKey" time="0.260"/>
  <testcase classname="testCases.CreateCustomerStripeAPI2" name="cxCreationInvalidKey" time="0.261"/>
  <testcase classname="testCases.CreateCustomerStripeAPI2" name="cxCreationInvalidKey" time="0.265"/>
</testsuite> <!-- testCases.CreateCustomerStripeAPI2 -->
