<?xml version="1.0" encoding="UTF-8"?>
<!-- Generated by org.testng.reporters.JUnitReportReporter -->
<testsuite hostname="IBM-PG02TZZN" failures="0" tests="2" name="runner.CucumberCukes" time="0.176" errors="0" timestamp="2024-01-08T20:43:06 IST" skipped="0">
  <testcase classname="runner.CucumberCukes" name="runScenario" time="0.152"/>
  <system-out/>
  <testcase classname="runner.CucumberCukes" name="runScenario" time="0.024"/>
  <system-out/>
</testsuite> <!-- runner.CucumberCukes -->
