<?xml version="1.0" encoding="UTF-8"?>
<!-- Generated by org.testng.reporters.JUnitReportReporter -->
<testsuite hostname="IBM-PG02TZZN" failures="0" tests="2" name="rough.TestParameterization" time="0.008" errors="0" timestamp="12 Sep 2023 11:58:06 GMT" skipped="0">
  <testcase classname="rough.TestParameterization" name="testData" time="0.001"/>
  <testcase classname="rough.TestParameterization" name="testData" time="0.007"/>
</testsuite> <!-- rough.TestParameterization -->
