<?xml version="1.0" encoding="UTF-8"?>
<!-- Generated by org.testng.reporters.JUnitReportReporter -->
<testsuite hostname="IBM-PG02TZZN" failures="0" tests="1" name="rough.TestParameterization" time="0.000" errors="0" timestamp="11 Sep 2023 13:57:13 GMT" skipped="1">
  <testcase classname="rough.TestParameterization" name="testData" time="0.000">
    <skipped/>
  </testcase> <!-- testData -->
</testsuite> <!-- rough.TestParameterization -->
