<?xml version="1.0" encoding="UTF-8"?>
<!-- Generated by org.testng.reporters.JUnitReportReporter -->
<testsuite hostname="IBM-PG02TZZN" failures="0" tests="1" name="restAssured.Oauth" time="0.000" errors="0" timestamp="2023-09-07T09:14:53 IST" skipped="1">
  <testcase classname="restAssured.Oauth" name="getUser" time="0.000">
    <skipped/>
  </testcase> <!-- getUser -->
</testsuite> <!-- restAssured.Oauth -->
