<?xml version="1.0" encoding="UTF-8"?>
<!-- Generated by org.testng.reporters.JUnitReportReporter -->
<testsuite hostname="IBM-PG02TZZN" failures="0" tests="1" name="restAssured.RestCountriesGETApi" time="1.717" errors="0" timestamp="2023-09-06T23:58:08 IST" skipped="0">
  <testcase classname="restAssured.RestCountriesGETApi" name="getRequest" time="1.717"/>
</testsuite> <!-- restAssured.RestCountriesGETApi -->
