<?xml version="1.0" encoding="UTF-8"?>
<!-- Generated by org.testng.reporters.JUnitReportReporter -->
<testsuite hostname="IBM-PG02TZZN" failures="0" tests="1" name="selenium.Google1" time="5.677" errors="0" timestamp="2023-09-07T12:38:44 IST" skipped="0">
  <testcase classname="selenium.Google1" name="launch" time="5.677"/>
</testsuite> <!-- selenium.Google1 -->
