<?xml version="1.0" encoding="UTF-8"?>
<!-- Generated by org.testng.reporters.JUnitReportReporter -->
<testsuite hostname="IBM-PG02TZZN" failures="0" tests="2" name="restAssured.RestCountriesGETApi" time="9.100" errors="0" timestamp="2023-11-08T20:02:05 IST" skipped="0">
  <testcase classname="restAssured.RestCountriesGETApi" name="getRequest" time="5.019"/>
  <testcase classname="restAssured.RestCountriesGETApi" name="getRequest2" time="4.081"/>
</testsuite> <!-- restAssured.RestCountriesGETApi -->
