<?xml version="1.0" encoding="UTF-8"?>
<!-- Generated by org.testng.reporters.JUnitReportReporter -->
<testsuite hostname="IBM-PG02TZZN" failures="0" tests="1" name="selenium.MouseHover" time="0.166" errors="0" timestamp="2023-09-06T23:58:08 IST" skipped="0">
  <testcase classname="selenium.MouseHover" name="mouseHover" time="0.166"/>
</testsuite> <!-- selenium.MouseHover -->
