<?xml version="1.0" encoding="UTF-8"?>
<!-- Generated by org.testng.reporters.JUnitReportReporter -->
<testsuite hostname="IBM-PG02TZZN" failures="0" tests="1" name="selenium.Dropdown" time="0.299" errors="0" timestamp="2023-08-28T15:36:02 IST" skipped="0">
  <testcase classname="selenium.Dropdown" name="dropdwn" time="0.299"/>
</testsuite> <!-- selenium.Dropdown -->
