<?xml version="1.0" encoding="UTF-8"?>
<!-- Generated by org.testng.reporters.JUnitReportReporter -->
<testsuite hostname="IBM-PG02TZZN" failures="0" tests="1" name="selenium.CountLinks" time="0.000" errors="0" timestamp="2023-09-07T09:14:53 IST" skipped="1">
  <testcase classname="selenium.CountLinks" name="countLinks" time="0.000">
    <skipped/>
  </testcase> <!-- countLinks -->
</testsuite> <!-- selenium.CountLinks -->
