<?xml version="1.0" encoding="UTF-8"?>
<!-- Generated by org.testng.reporters.JUnitReportReporter -->
<testsuite hostname="IBM-PG02TZZN" failures="0" tests="3" name="restAssured.PayPal" time="7.693" errors="0" timestamp="2023-11-08T18:29:11 IST" skipped="0">
  <testcase classname="restAssured.PayPal" name="getAccessToken" time="2.958"/>
  <testcase classname="restAssured.PayPal" name="createOrder" time="2.551"/>
  <testcase classname="restAssured.PayPal" name="getOrder" time="2.184"/>
</testsuite> <!-- restAssured.PayPal -->
