<?xml version="1.0" encoding="UTF-8"?>
<!-- Generated by org.testng.reporters.JUnitReportReporter -->
<testsuite hostname="IBM-PG02TZZN" failures="0" tests="2" name="restAssured.RestCountriesGETApi" time="3.967" errors="0" timestamp="2023-09-07T09:42:52 IST" skipped="0">
  <testcase classname="restAssured.RestCountriesGETApi" name="getRequest" time="2.791"/>
  <testcase classname="restAssured.RestCountriesGETApi" name="getRequest2" time="1.176"/>
</testsuite> <!-- restAssured.RestCountriesGETApi -->
