<?xml version="1.0" encoding="UTF-8"?>
<!-- Generated by org.testng.reporters.JUnitReportReporter -->
<testsuite hostname="IBM-PG02TZZN" failures="0" tests="1" name="selenium.CountLinks" time="8.306" errors="0" timestamp="2023-08-28T14:40:59 IST" skipped="0">
  <testcase classname="selenium.CountLinks" name="countLinks" time="8.306"/>
</testsuite> <!-- selenium.CountLinks -->
