<?xml version="1.0" encoding="UTF-8"?>
<!-- Generated by org.testng.reporters.JUnitReportReporter -->
<testsuite hostname="IBM-PG02TZZN" failures="0" tests="1" name="restAssured.RestCountries" time="3.724" errors="0" timestamp="2023-11-09T21:02:21 IST" skipped="0">
  <testcase classname="restAssured.RestCountries" name="getCounty" time="3.724"/>
</testsuite> <!-- restAssured.RestCountries -->
