<?xml version="1.0" encoding="UTF-8"?>
<!-- Generated by org.testng.reporters.JUnitReportReporter -->
<testsuite hostname="IBM-PG02TZZN" failures="0" tests="1" name="restAssured.SendGetReq" time="3.426" errors="0" timestamp="2023-08-28T16:16:43 IST" skipped="0">
  <testcase classname="restAssured.SendGetReq" name="getReq" time="3.426"/>
</testsuite> <!-- restAssured.SendGetReq -->
