<?xml version="1.0" encoding="UTF-8"?>
<!-- Generated by org.testng.reporters.JUnitReportReporter -->
<testsuite hostname="IBM-PG02TZZN" failures="0" tests="1" name="selenium.CountLinks" time="8.390" errors="0" timestamp="2023-09-06T23:58:08 IST" skipped="0">
  <testcase classname="selenium.CountLinks" name="countLinks" time="8.390"/>
</testsuite> <!-- selenium.CountLinks -->
